2022-02-11 15:53:25 | [INFO]    | Discordia 2.9.1
2022-02-11 15:53:25 | [INFO]    | Connecting to Discord...
2022-02-11 15:53:26 | [INFO]    | Authenticated as Script Bot#1608
2022-02-11 15:53:26 | [INFO]    | Launching shard 0 (1 out of 1)...
2022-02-11 15:53:27 | [INFO]    | Shard 0 : Connected to wss://gateway.discord.gg
2022-02-11 15:53:27 | [INFO]    | Shard 0 : Received HELLO
2022-02-11 15:53:28 | [INFO]    | Shard 0 : Received READY
2022-02-11 16:25:47 | [INFO]    | Discordia 2.9.1
2022-02-11 16:25:47 | [INFO]    | Connecting to Discord...
2022-02-11 16:25:48 | [INFO]    | Authenticated as Script Bot#1608
2022-02-11 16:25:48 | [INFO]    | Launching shard 0 (1 out of 1)...
2022-02-11 16:25:56 | [INFO]    | Shard 0 : Connected to wss://gateway.discord.gg
2022-02-11 16:25:56 | [INFO]    | Shard 0 : Received HELLO
2022-02-11 16:25:56 | [INFO]    | Shard 0 : Received READY
2022-02-11 20:12:58 | [INFO]    | Discordia 2.9.1
2022-02-11 20:12:58 | [INFO]    | Connecting to Discord...
2022-02-11 20:12:59 | [INFO]    | Authenticated as Script Bot#1608
2022-02-11 20:13:00 | [INFO]    | Launching shard 0 (1 out of 1)...
2022-02-11 20:13:01 | [INFO]    | Shard 0 : Connected to wss://gateway.discord.gg
2022-02-11 20:13:01 | [INFO]    | Shard 0 : Received HELLO
2022-02-11 20:13:02 | [INFO]    | Shard 0 : Received READY
2022-02-11 20:54:39 | [INFO]    | Shard 0 : Discord has requested a reconnection
